<?xml version="1.0" encoding="UTF-8"?>
<testsuite xmlns:xsi="http://www.w3.org/2001/XMLSchema-instance" xsi:noNamespaceSchemaLocation="https://maven.apache.org/surefire/maven-surefire-plugin/xsd/surefire-test-report.xsd" version="3.0.2" name="com.hexteam.app.signaling.SignalControllerIntegrationTest" time="8.929" tests="1" errors="0" skipped="0" failures="0">
  <properties>
[...]
</properties>
  <testcase name="shouldAcceptIncomingInviteAndCreateSession" classname="com.hexteam.app.signaling.SignalControllerIntegrationTest" time="0.713">
    <system-out><![CDATA[06:43:27.388 [main] INFO org.springframework.test.context.support.AnnotationConfigContextLoaderUtils -- Could not detect default configuration classes for test class [com.hexteam.app.signaling.SignalControllerIntegrationTest]: SignalControllerIntegrationTest does not declare any static, non-private, non-final, nested classes annotated with @Configuration.
06:43:27.556 [main] INFO org.springframework.boot.test.context.SpringBootTestContextBootstrapper -- Found @SpringBootConfiguration com.hexteam.app.HexTeamApplication for test class com.hexteam.app.signaling.SignalControllerIntegrationTest

  .   ____          _            __ _ _
 /\\ / ___'_ __ _ _(_)_ __  __ _ \ \ \ \
( ( )\___ | '_ | '_| | '_ \/ _` | \ \ \ \
 \\/  ___)| |_)| | | | | || (_| |  ) ) ) )
  '  |____| .__|_| |_|_| |_\__, | / / / /
 =========|_|==============|___/=/_/_/_/

 :: Spring Boot ::                (v3.4.3)

2026-03-07 06:43:28.030 INFO  [main] c.h.a.s.SignalControllerIntegrationTest - Starting SignalControllerIntegrationTest using Java 21.0.10 with PID 41097 (started by stepan in /home/stepan/programming/hack/NuclearITHack2026)
2026-03-07 06:43:28.031 INFO  [main] c.h.a.s.SignalControllerIntegrationTest - The following 1 profile is active: "test"
2026-03-07 06:43:30.061 INFO  [main] o.s.d.r.c.RepositoryConfigurationDelegate - Bootstrapping Spring Data JPA repositories in DEFAULT mode.
2026-03-07 06:43:30.257 INFO  [main] o.s.d.r.c.RepositoryConfigurationDelegate - Finished Spring Data repository scanning in 184 ms. Found 3 JPA repository interfaces.
2026-03-07 06:43:31.198 INFO  [main] o.h.jpa.internal.util.LogHelper - HHH000204: Processing PersistenceUnitInfo [name: default]
2026-03-07 06:43:31.248 INFO  [main] org.hibernate.Version - HHH000412: Hibernate ORM core version 6.6.8.Final
2026-03-07 06:43:31.275 INFO  [main] o.h.c.i.RegionFactoryInitiator - HHH000026: Second-level cache disabled
2026-03-07 06:43:31.562 INFO  [main] o.s.o.j.p.SpringPersistenceUnitInfo - No LoadTimeWeaver setup: ignoring JPA class transformer
2026-03-07 06:43:31.593 INFO  [main] com.zaxxer.hikari.HikariDataSource - HikariPool-1 - Starting...
2026-03-07 06:43:31.756 INFO  [main] com.zaxxer.hikari.pool.HikariPool - HikariPool-1 - Added connection conn0: url=jdbc:h2:mem:hex-test user=SA
2026-03-07 06:43:31.759 INFO  [main] com.zaxxer.hikari.HikariDataSource - HikariPool-1 - Start completed.
2026-03-07 06:43:31.812 INFO  [main] o.hibernate.orm.connections.pooling - HHH10001005: Database info:
	Database JDBC URL [Connecting through datasource 'HikariDataSource (HikariPool-1)']
	Database driver: undefined/unknown
	Database version: 2.3.232
	Autocommit mode: undefined/unknown
	Isolation level: undefined/unknown
	Minimum pool size: undefined/unknown
	Maximum pool size: undefined/unknown
2026-03-07 06:43:32.529 INFO  [main] o.h.e.t.j.p.i.JtaPlatformInitiator - HHH000489: No JTA platform available (set 'hibernate.transaction.jta.platform' to enable JTA platform integration)
2026-03-07 06:43:32.563 INFO  [main] o.s.o.j.LocalContainerEntityManagerFactoryBean - Initialized JPA EntityManagerFactory for persistence unit 'default'
2026-03-07 06:43:33.018 INFO  [main] c.h.app.config.StorageBootstrap - Подготовлены директории локального хранения
2026-03-07 06:43:33.300 INFO  [main] c.h.app.security.NodeIdentityService - Загружена существующая идентичность узла d2bf6129618aa1b9
2026-03-07 06:43:34.444 INFO  [main] o.atmosphere.cpr.AtmosphereFramework - Installed AtmosphereHandler com.vaadin.hilla.push.PushEndpoint mapped to context-path: /HILLA/push
2026-03-07 06:43:34.444 INFO  [main] o.atmosphere.cpr.AtmosphereFramework - Installed the following AtmosphereInterceptor mapped to AtmosphereHandler com.vaadin.hilla.push.PushEndpoint
2026-03-07 06:43:34.444 INFO  [main] o.atmosphere.cpr.AtmosphereFramework - 	org.atmosphere.interceptor.AtmosphereResourceLifecycleInterceptor : Atmosphere LifeCycle
2026-03-07 06:43:34.444 INFO  [main] o.atmosphere.cpr.AtmosphereFramework - 	org.atmosphere.client.TrackMessageSizeInterceptor :  Track Message Size Interceptor using |
2026-03-07 06:43:34.445 INFO  [main] o.atmosphere.cpr.AtmosphereFramework - 	org.atmosphere.interceptor.SuspendTrackerInterceptor : UUID Tracking Interceptor
2026-03-07 06:43:35.163 INFO  [main] o.s.b.a.h.H2ConsoleAutoConfiguration - H2 console available at '/h2-console'. Database available at 'jdbc:h2:mem:hex-test'
2026-03-07 06:43:35.275 INFO  [main] o.s.b.t.m.w.SpringBootMockServletContext - Initializing Spring TestDispatcherServlet ''
2026-03-07 06:43:35.275 INFO  [main] o.s.t.w.s.TestDispatcherServlet - Initializing Servlet ''
2026-03-07 06:43:35.288 INFO  [main] o.s.b.a.e.web.EndpointLinksResolver - Exposing 4 endpoints beneath base path '/actuator'
2026-03-07 06:43:35.315 INFO  [main] o.s.t.w.s.TestDispatcherServlet - Completed initialization in 39 ms
2026-03-07 06:43:35.418 INFO  [main] c.h.a.s.SignalControllerIntegrationTest - Started SignalControllerIntegrationTest in 7.711 seconds (process running for 9.015)
]]></system-out>
    <system-err><![CDATA[Mockito is currently self-attaching to enable the inline-mock-maker. This will no longer work in future releases of the JDK. Please add Mockito as an agent to your build what is described in Mockito's documentation: https://javadoc.io/doc/org.mockito/mockito-core/latest/org/mockito/Mockito.html#0.3
WARNING: A Java agent has been loaded dynamically (/tmp/m2repo/net/bytebuddy/byte-buddy-agent/1.15.11/byte-buddy-agent-1.15.11.jar)
WARNING: If a serviceability tool is in use, please run with -XX:+EnableDynamicAgentLoading to hide this warning
WARNING: If a serviceability tool is not in use, please run with -Djdk.instrument.traceUsage for more information
WARNING: Dynamic loading of agents will be disallowed by default in a future release
]]></system-err>
  </testcase>
</testsuite>